<?xml version="1.0" encoding="UTF-8"?>
<testsuite name="Login Test"
           tests="4"
           failures="0"
           errors="0"
           skipped="0"
           time="70.402">
  <properties />
  
  
            <testcase name="verifyThatUserShouldLoginAndLogoutSuccessfully" time="23.822" classname="com.tutorialsninja.demo.testsuite.MyAccountsTest" />
                <testcase name="verifyUserShouldNavigateToRegisterPageSuccessfully" time="20.868" classname="com.tutorialsninja.demo.testsuite.MyAccountsTest" />
                <testcase name="verifyUserShouldNavigateToLoginPageSuccessfully" time="0.595" classname="com.tutorialsninja.demo.testsuite.MyAccountsTest" />
                <testcase name="verifyThatUserRegisterAccountSuccessfully" time="25.117" classname="com.tutorialsninja.demo.testsuite.MyAccountsTest" />
      
</testsuite>
