<?xml version="1.0" encoding="UTF-8"?>
<testsuite name="Login Test"
           tests="3"
           failures="0"
           errors="0"
           skipped="0"
           time="3.297">
  <properties />
  
  
            <testcase name="verifyUserShouldNavigateToComponentsPageSuccessfully" time="0.951" classname="com.tutorialsninja.demo.testsuite.TopMenuTest" />
                <testcase name="verifyUserShouldNavigateToDesktopsPageSuccessfully" time="1.327" classname="com.tutorialsninja.demo.testsuite.TopMenuTest" />
                <testcase name="verifyUserShouldNavigateToLaptopsAndNotebooksPageSuccessfully" time="1.019" classname="com.tutorialsninja.demo.testsuite.TopMenuTest" />
      
</testsuite>
